 
Job started on p-sc-2022 at Tue May 21 23:10:48 EDT 2024
 
Lmod has detected the following error: The following module(s) are unknown:
"r/4.3.3"

Please check the spelling or version number. Also try "module spider ..."
It is also possible your cache file is out-of-date; it may help to try:
  $ module --ignore_cache load "r/4.3.3"

Also make sure that all modulefiles written in TCL start with the string
#%Module



WARNING: ignoring environment value of R_HOME
Loading required package: Matrix
Loaded glmnet 4.1-8
Warning message:
package ‘glmnet’ was built under R version 4.3.2 
Loading required package: foreach
Loading required package: iterators
Loading required package: snow
Warning message:
package ‘doSNOW’ was built under R version 4.3.2 

Attaching package: ‘parallel’

The following objects are masked from ‘package:snow’:

    clusterApply, clusterApplyLB, clusterCall, clusterEvalQ,
    clusterExport, clusterMap, clusterSplit, makeCluster, parApply,
    parCapply, parLapply, parRapply, parSapply, splitIndices,
    stopCluster

            used   (Mb) gc trigger   (Mb)  max used   (Mb)
Ncells   1589105   84.9    2798731  149.5   2699472  144.2
Vcells 338825339 2585.1  748376237 5709.7 748255233 5708.8
species: ecoli 
[1] 308419    990
lambda.max 0.07868806 
lmr 0.08902151 
EV_bound 0.6111111 
          D_0_pssm           I_0_pssm          ACH3_pssm             CN_exp 
              1.00               1.00               1.00               1.00 
         Theta_exp            Tau_exp                psi               rsaa 
              1.00               1.00               1.00               1.00 
       SS7__Strand        P_normcount VINM940102_aaindex           G_0_pssm 
              1.00               1.00               0.99               0.94 
 
Job Ended at Wed May 22 00:36:44 EDT 2024
 
